TN:
SF:src\index.ts
FN:21,(anonymous_1)
FN:25,(anonymous_2)
FN:29,(anonymous_3)
FN:34,(anonymous_4)
FN:38,(anonymous_5)
FN:62,(anonymous_6)
FN:74,(anonymous_7)
FN:79,(anonymous_8)
FN:85,(anonymous_9)
FN:91,(anonymous_10)
FNF:10
FNH:9
FNDA:0,(anonymous_1)
FNDA:1,(anonymous_2)
FNDA:1,(anonymous_3)
FNDA:1,(anonymous_4)
FNDA:2,(anonymous_5)
FNDA:5,(anonymous_6)
FNDA:2,(anonymous_7)
FNDA:11,(anonymous_8)
FNDA:1,(anonymous_9)
FNDA:1,(anonymous_10)
DA:1,1
DA:2,1
DA:4,1
DA:5,1
DA:6,1
DA:7,1
DA:9,1
DA:10,1
DA:11,1
DA:12,1
DA:13,1
DA:15,0
DA:16,0
DA:19,1
DA:20,1
DA:21,1
DA:22,0
DA:25,1
DA:26,1
DA:29,1
DA:30,1
DA:31,1
DA:34,1
DA:35,1
DA:38,1
DA:39,2
DA:40,2
DA:41,2
DA:43,2
DA:44,0
DA:45,0
DA:48,2
DA:49,1
DA:50,1
DA:53,1
DA:54,0
DA:55,0
DA:58,1
DA:59,1
DA:62,1
DA:63,5
DA:65,5
DA:66,1
DA:67,1
DA:70,4
DA:71,4
DA:74,1
DA:75,2
DA:76,2
DA:79,1
DA:80,11
DA:81,11
DA:85,1
DA:86,1
DA:87,1
DA:90,1
DA:91,1
DA:92,1
DA:96,1
LF:59
LH:52
BRDA:41,0,0,2
BRDA:41,0,1,0
BRDA:43,1,0,0
BRDA:48,2,0,1
BRDA:53,3,0,0
BRDA:65,4,0,1
BRDA:65,5,0,5
BRDA:65,5,1,5
BRDA:90,6,0,1
BRDA:90,7,0,1
BRDA:90,7,1,1
BRF:11
BRH:8
end_of_record
